
*** Running vivado
    with args -log design_1_auto_pc_6.vds -m64 -product Vivado -mode batch -messageDb vivado.pb -notrace -source design_1_auto_pc_6.tcl


****** Vivado v2017.2 (64-bit)
  **** SW Build 1909853 on Thu Jun 15 18:39:09 MDT 2017
  **** IP Build 1909766 on Thu Jun 15 19:58:00 MDT 2017
    ** Copyright 1986-2017 Xilinx, Inc. All Rights Reserved.

source design_1_auto_pc_6.tcl -notrace
Starting RTL Elaboration : Time (s): cpu = 00:00:05 ; elapsed = 00:00:06 . Memory (MB): peak = 395.301 ; gain = 84.992
INFO: [Synth 8-638] synthesizing module 'design_1_auto_pc_6' [d:/Tetris_Design/Tetris_Version1/Tetris_Version1.srcs/sources_1/bd/design_1/ip/design_1_auto_pc_6/synth/design_1_auto_pc_6.v:58]
INFO: [Synth 8-638] synthesizing module 'axi_protocol_converter_v2_1_13_axi_protocol_converter' [d:/Tetris_Design/Tetris_Version1/Tetris_Version1.srcs/sources_1/bd/design_1/ipshared/f0ae/hdl/axi_protocol_converter_v2_1_vl_rfs.v:4811]
INFO: [Synth 8-256] done synthesizing module 'axi_protocol_converter_v2_1_13_axi_protocol_converter' (1#1) [d:/Tetris_Design/Tetris_Version1/Tetris_Version1.srcs/sources_1/bd/design_1/ipshared/f0ae/hdl/axi_protocol_converter_v2_1_vl_rfs.v:4811]
INFO: [Synth 8-256] done synthesizing module 'design_1_auto_pc_6' (2#1) [d:/Tetris_Design/Tetris_Version1/Tetris_Version1.srcs/sources_1/bd/design_1/ip/design_1_auto_pc_6/synth/design_1_auto_pc_6.v:58]
Finished RTL Elaboration : Time (s): cpu = 00:00:33 ; elapsed = 00:00:35 . Memory (MB): peak = 515.000 ; gain = 204.691
Finished RTL Optimization Phase 1 : Time (s): cpu = 00:00:33 ; elapsed = 00:00:35 . Memory (MB): peak = 515.000 ; gain = 204.691
INFO: [Device 21-403] Loading part xc7a100tcsg324-1
Constraint Validation Runtime : Time (s): cpu = 00:00:01 ; elapsed = 00:00:00.010 . Memory (MB): peak = 650.676 ; gain = 0.000
Finished Constraint Validation : Time (s): cpu = 00:00:40 ; elapsed = 00:00:50 . Memory (MB): peak = 650.676 ; gain = 340.367
Finished Loading Part and Timing Information : Time (s): cpu = 00:00:40 ; elapsed = 00:00:50 . Memory (MB): peak = 650.676 ; gain = 340.367
Finished applying 'set_property' XDC Constraints : Time (s): cpu = 00:00:40 ; elapsed = 00:00:50 . Memory (MB): peak = 650.676 ; gain = 340.367
Finished RTL Optimization Phase 2 : Time (s): cpu = 00:00:40 ; elapsed = 00:00:50 . Memory (MB): peak = 650.676 ; gain = 340.367
Finished Cross Boundary and Area Optimization : Time (s): cpu = 00:00:41 ; elapsed = 00:00:51 . Memory (MB): peak = 650.676 ; gain = 340.367
Finished Applying XDC Timing Constraints : Time (s): cpu = 00:00:49 ; elapsed = 00:00:59 . Memory (MB): peak = 677.168 ; gain = 366.859
Finished Timing Optimization : Time (s): cpu = 00:00:49 ; elapsed = 00:00:59 . Memory (MB): peak = 677.168 ; gain = 366.859
Finished Technology Mapping : Time (s): cpu = 00:00:49 ; elapsed = 00:00:59 . Memory (MB): peak = 688.313 ; gain = 378.004
Finished IO Insertion : Time (s): cpu = 00:00:50 ; elapsed = 00:00:59 . Memory (MB): peak = 688.313 ; gain = 378.004
Finished Renaming Generated Instances : Time (s): cpu = 00:00:50 ; elapsed = 00:00:59 . Memory (MB): peak = 688.313 ; gain = 378.004
Finished Rebuilding User Hierarchy : Time (s): cpu = 00:00:50 ; elapsed = 00:00:59 . Memory (MB): peak = 688.313 ; gain = 378.004
Finished Renaming Generated Ports : Time (s): cpu = 00:00:50 ; elapsed = 00:00:59 . Memory (MB): peak = 688.313 ; gain = 378.004
Finished Handling Custom Attributes : Time (s): cpu = 00:00:50 ; elapsed = 00:00:59 . Memory (MB): peak = 688.313 ; gain = 378.004
Finished Renaming Generated Nets : Time (s): cpu = 00:00:50 ; elapsed = 00:00:59 . Memory (MB): peak = 688.313 ; gain = 378.004

Report Cell Usage: 
+-+-----+------+
| |Cell |Count |
+-+-----+------+
+-+-----+------+
Finished Writing Synthesis Report : Time (s): cpu = 00:00:50 ; elapsed = 00:00:59 . Memory (MB): peak = 688.313 ; gain = 378.004
synth_design: Time (s): cpu = 00:00:51 ; elapsed = 00:01:01 . Memory (MB): peak = 705.906 ; gain = 401.234
