
*** Running vivado
    with args -log design_1_axi_timer_0_0.vds -m64 -product Vivado -mode batch -messageDb vivado.pb -notrace -source design_1_axi_timer_0_0.tcl


****** Vivado v2017.2 (64-bit)
  **** SW Build 1909853 on Thu Jun 15 18:39:09 MDT 2017
  **** IP Build 1909766 on Thu Jun 15 19:58:00 MDT 2017
    ** Copyright 1986-2017 Xilinx, Inc. All Rights Reserved.

source design_1_axi_timer_0_0.tcl -notrace
Starting RTL Elaboration : Time (s): cpu = 00:00:02 ; elapsed = 00:00:02 . Memory (MB): peak = 397.066 ; gain = 81.273
INFO: [Synth 8-638] synthesizing module 'design_1_axi_timer_0_0' [d:/Tetris_Design/Tetris_Version1/Tetris_Version1.srcs/sources_1/bd/design_1/ip/design_1_axi_timer_0_0/synth/design_1_axi_timer_0_0.vhd:90]
INFO: [Synth 8-638] synthesizing module 'axi_timer' [d:/Tetris_Design/Tetris_Version1/Tetris_Version1.srcs/sources_1/bd/design_1/ipshared/a004/hdl/axi_timer_v2_0_vh_rfs.vhd:2141]
INFO: [Synth 8-638] synthesizing module 'tc_core' [d:/Tetris_Design/Tetris_Version1/Tetris_Version1.srcs/sources_1/bd/design_1/ipshared/a004/hdl/axi_timer_v2_0_vh_rfs.vhd:1698]
INFO: [Synth 8-638] synthesizing module 'mux_onehot_f' [d:/Tetris_Design/Tetris_Version1/Tetris_Version1.srcs/sources_1/bd/design_1/ipshared/a004/hdl/axi_timer_v2_0_vh_rfs.vhd:365]
INFO: [Synth 8-638] synthesizing module 'MUXCY' [D:/Xilinx/Vivado/2017.2/scripts/rt/data/unisim_comp.v:21613]
INFO: [Synth 8-256] done synthesizing module 'MUXCY' (1#1) [D:/Xilinx/Vivado/2017.2/scripts/rt/data/unisim_comp.v:21613]
INFO: [Synth 8-256] done synthesizing module 'mux_onehot_f' (2#1) [d:/Tetris_Design/Tetris_Version1/Tetris_Version1.srcs/sources_1/bd/design_1/ipshared/a004/hdl/axi_timer_v2_0_vh_rfs.vhd:365]
INFO: [Synth 8-638] synthesizing module 'count_module' [d:/Tetris_Design/Tetris_Version1/Tetris_Version1.srcs/sources_1/bd/design_1/ipshared/a004/hdl/axi_timer_v2_0_vh_rfs.vhd:1434]
INFO: [Synth 8-638] synthesizing module 'counter_f' [d:/Tetris_Design/Tetris_Version1/Tetris_Version1.srcs/sources_1/bd/design_1/ipshared/a004/hdl/axi_timer_v2_0_vh_rfs.vhd:148]
INFO: [Synth 8-256] done synthesizing module 'counter_f' (3#1) [d:/Tetris_Design/Tetris_Version1/Tetris_Version1.srcs/sources_1/bd/design_1/ipshared/a004/hdl/axi_timer_v2_0_vh_rfs.vhd:148]
INFO: [Synth 8-256] done synthesizing module 'count_module' (4#1) [d:/Tetris_Design/Tetris_Version1/Tetris_Version1.srcs/sources_1/bd/design_1/ipshared/a004/hdl/axi_timer_v2_0_vh_rfs.vhd:1434]
INFO: [Synth 8-638] synthesizing module 'timer_control' [d:/Tetris_Design/Tetris_Version1/Tetris_Version1.srcs/sources_1/bd/design_1/ipshared/a004/hdl/axi_timer_v2_0_vh_rfs.vhd:835]
INFO: [Synth 8-638] synthesizing module 'cdc_sync' [d:/Tetris_Design/Tetris_Version1/Tetris_Version1.srcs/sources_1/bd/design_1/ipshared/52cb/hdl/lib_cdc_v1_0_rfs.vhd:106]
INFO: [Synth 8-256] done synthesizing module 'cdc_sync' (5#1) [d:/Tetris_Design/Tetris_Version1/Tetris_Version1.srcs/sources_1/bd/design_1/ipshared/52cb/hdl/lib_cdc_v1_0_rfs.vhd:106]
INFO: [Synth 8-256] done synthesizing module 'timer_control' (6#1) [d:/Tetris_Design/Tetris_Version1/Tetris_Version1.srcs/sources_1/bd/design_1/ipshared/a004/hdl/axi_timer_v2_0_vh_rfs.vhd:835]
INFO: [Synth 8-256] done synthesizing module 'tc_core' (7#1) [d:/Tetris_Design/Tetris_Version1/Tetris_Version1.srcs/sources_1/bd/design_1/ipshared/a004/hdl/axi_timer_v2_0_vh_rfs.vhd:1698]
INFO: [Synth 8-638] synthesizing module 'axi_lite_ipif' [d:/Tetris_Design/Tetris_Version1/Tetris_Version1.srcs/sources_1/bd/design_1/ipshared/0ba0/hdl/axi_lite_ipif_v3_0_vh_rfs.vhd:2948]
INFO: [Synth 8-638] synthesizing module 'slave_attachment' [d:/Tetris_Design/Tetris_Version1/Tetris_Version1.srcs/sources_1/bd/design_1/ipshared/0ba0/hdl/axi_lite_ipif_v3_0_vh_rfs.vhd:2341]
INFO: [Synth 8-638] synthesizing module 'address_decoder' [d:/Tetris_Design/Tetris_Version1/Tetris_Version1.srcs/sources_1/bd/design_1/ipshared/0ba0/hdl/axi_lite_ipif_v3_0_vh_rfs.vhd:1775]
INFO: [Synth 8-638] synthesizing module 'pselect_f' [d:/Tetris_Design/Tetris_Version1/Tetris_Version1.srcs/sources_1/bd/design_1/ipshared/0ba0/hdl/axi_lite_ipif_v3_0_vh_rfs.vhd:1534]
INFO: [Synth 8-256] done synthesizing module 'pselect_f' (8#1) [d:/Tetris_Design/Tetris_Version1/Tetris_Version1.srcs/sources_1/bd/design_1/ipshared/0ba0/hdl/axi_lite_ipif_v3_0_vh_rfs.vhd:1534]
INFO: [Synth 8-638] synthesizing module 'pselect_f__parameterized0' [d:/Tetris_Design/Tetris_Version1/Tetris_Version1.srcs/sources_1/bd/design_1/ipshared/0ba0/hdl/axi_lite_ipif_v3_0_vh_rfs.vhd:1534]
INFO: [Synth 8-256] done synthesizing module 'pselect_f__parameterized0' (8#1) [d:/Tetris_Design/Tetris_Version1/Tetris_Version1.srcs/sources_1/bd/design_1/ipshared/0ba0/hdl/axi_lite_ipif_v3_0_vh_rfs.vhd:1534]
INFO: [Synth 8-638] synthesizing module 'pselect_f__parameterized1' [d:/Tetris_Design/Tetris_Version1/Tetris_Version1.srcs/sources_1/bd/design_1/ipshared/0ba0/hdl/axi_lite_ipif_v3_0_vh_rfs.vhd:1534]
INFO: [Synth 8-256] done synthesizing module 'pselect_f__parameterized1' (8#1) [d:/Tetris_Design/Tetris_Version1/Tetris_Version1.srcs/sources_1/bd/design_1/ipshared/0ba0/hdl/axi_lite_ipif_v3_0_vh_rfs.vhd:1534]
INFO: [Synth 8-638] synthesizing module 'pselect_f__parameterized2' [d:/Tetris_Design/Tetris_Version1/Tetris_Version1.srcs/sources_1/bd/design_1/ipshared/0ba0/hdl/axi_lite_ipif_v3_0_vh_rfs.vhd:1534]
INFO: [Synth 8-256] done synthesizing module 'pselect_f__parameterized2' (8#1) [d:/Tetris_Design/Tetris_Version1/Tetris_Version1.srcs/sources_1/bd/design_1/ipshared/0ba0/hdl/axi_lite_ipif_v3_0_vh_rfs.vhd:1534]
INFO: [Synth 8-638] synthesizing module 'pselect_f__parameterized3' [d:/Tetris_Design/Tetris_Version1/Tetris_Version1.srcs/sources_1/bd/design_1/ipshared/0ba0/hdl/axi_lite_ipif_v3_0_vh_rfs.vhd:1534]
INFO: [Synth 8-256] done synthesizing module 'pselect_f__parameterized3' (8#1) [d:/Tetris_Design/Tetris_Version1/Tetris_Version1.srcs/sources_1/bd/design_1/ipshared/0ba0/hdl/axi_lite_ipif_v3_0_vh_rfs.vhd:1534]
INFO: [Synth 8-638] synthesizing module 'pselect_f__parameterized4' [d:/Tetris_Design/Tetris_Version1/Tetris_Version1.srcs/sources_1/bd/design_1/ipshared/0ba0/hdl/axi_lite_ipif_v3_0_vh_rfs.vhd:1534]
INFO: [Synth 8-256] done synthesizing module 'pselect_f__parameterized4' (8#1) [d:/Tetris_Design/Tetris_Version1/Tetris_Version1.srcs/sources_1/bd/design_1/ipshared/0ba0/hdl/axi_lite_ipif_v3_0_vh_rfs.vhd:1534]
INFO: [Synth 8-638] synthesizing module 'pselect_f__parameterized5' [d:/Tetris_Design/Tetris_Version1/Tetris_Version1.srcs/sources_1/bd/design_1/ipshared/0ba0/hdl/axi_lite_ipif_v3_0_vh_rfs.vhd:1534]
INFO: [Synth 8-256] done synthesizing module 'pselect_f__parameterized5' (8#1) [d:/Tetris_Design/Tetris_Version1/Tetris_Version1.srcs/sources_1/bd/design_1/ipshared/0ba0/hdl/axi_lite_ipif_v3_0_vh_rfs.vhd:1534]
INFO: [Synth 8-638] synthesizing module 'pselect_f__parameterized6' [d:/Tetris_Design/Tetris_Version1/Tetris_Version1.srcs/sources_1/bd/design_1/ipshared/0ba0/hdl/axi_lite_ipif_v3_0_vh_rfs.vhd:1534]
INFO: [Synth 8-256] done synthesizing module 'pselect_f__parameterized6' (8#1) [d:/Tetris_Design/Tetris_Version1/Tetris_Version1.srcs/sources_1/bd/design_1/ipshared/0ba0/hdl/axi_lite_ipif_v3_0_vh_rfs.vhd:1534]
INFO: [Synth 8-256] done synthesizing module 'address_decoder' (9#1) [d:/Tetris_Design/Tetris_Version1/Tetris_Version1.srcs/sources_1/bd/design_1/ipshared/0ba0/hdl/axi_lite_ipif_v3_0_vh_rfs.vhd:1775]
INFO: [Synth 8-256] done synthesizing module 'slave_attachment' (10#1) [d:/Tetris_Design/Tetris_Version1/Tetris_Version1.srcs/sources_1/bd/design_1/ipshared/0ba0/hdl/axi_lite_ipif_v3_0_vh_rfs.vhd:2341]
INFO: [Synth 8-256] done synthesizing module 'axi_lite_ipif' (11#1) [d:/Tetris_Design/Tetris_Version1/Tetris_Version1.srcs/sources_1/bd/design_1/ipshared/0ba0/hdl/axi_lite_ipif_v3_0_vh_rfs.vhd:2948]
INFO: [Synth 8-256] done synthesizing module 'axi_timer' (12#1) [d:/Tetris_Design/Tetris_Version1/Tetris_Version1.srcs/sources_1/bd/design_1/ipshared/a004/hdl/axi_timer_v2_0_vh_rfs.vhd:2141]
INFO: [Synth 8-256] done synthesizing module 'design_1_axi_timer_0_0' (13#1) [d:/Tetris_Design/Tetris_Version1/Tetris_Version1.srcs/sources_1/bd/design_1/ip/design_1_axi_timer_0_0/synth/design_1_axi_timer_0_0.vhd:90]
Finished RTL Elaboration : Time (s): cpu = 00:00:03 ; elapsed = 00:00:03 . Memory (MB): peak = 440.152 ; gain = 124.359
Finished RTL Optimization Phase 1 : Time (s): cpu = 00:00:03 ; elapsed = 00:00:04 . Memory (MB): peak = 440.152 ; gain = 124.359
INFO: [Device 21-403] Loading part xc7a100tcsg324-1
Constraint Validation Runtime : Time (s): cpu = 00:00:00 ; elapsed = 00:00:00.017 . Memory (MB): peak = 751.551 ; gain = 0.000
Finished Constraint Validation : Time (s): cpu = 00:00:09 ; elapsed = 00:00:18 . Memory (MB): peak = 751.551 ; gain = 435.758
Finished Loading Part and Timing Information : Time (s): cpu = 00:00:09 ; elapsed = 00:00:18 . Memory (MB): peak = 751.551 ; gain = 435.758
Finished applying 'set_property' XDC Constraints : Time (s): cpu = 00:00:09 ; elapsed = 00:00:18 . Memory (MB): peak = 751.551 ; gain = 435.758
Finished RTL Optimization Phase 2 : Time (s): cpu = 00:00:10 ; elapsed = 00:00:19 . Memory (MB): peak = 751.551 ; gain = 435.758
Finished Cross Boundary and Area Optimization : Time (s): cpu = 00:00:11 ; elapsed = 00:00:19 . Memory (MB): peak = 751.551 ; gain = 435.758
Finished Applying XDC Timing Constraints : Time (s): cpu = 00:00:17 ; elapsed = 00:00:26 . Memory (MB): peak = 751.551 ; gain = 435.758
Finished Timing Optimization : Time (s): cpu = 00:00:17 ; elapsed = 00:00:26 . Memory (MB): peak = 751.551 ; gain = 435.758
Finished Technology Mapping : Time (s): cpu = 00:00:17 ; elapsed = 00:00:26 . Memory (MB): peak = 751.551 ; gain = 435.758
Finished IO Insertion : Time (s): cpu = 00:00:18 ; elapsed = 00:00:27 . Memory (MB): peak = 751.551 ; gain = 435.758
Finished Renaming Generated Instances : Time (s): cpu = 00:00:18 ; elapsed = 00:00:27 . Memory (MB): peak = 751.551 ; gain = 435.758
Finished Rebuilding User Hierarchy : Time (s): cpu = 00:00:18 ; elapsed = 00:00:27 . Memory (MB): peak = 751.551 ; gain = 435.758
Finished Renaming Generated Ports : Time (s): cpu = 00:00:18 ; elapsed = 00:00:27 . Memory (MB): peak = 751.551 ; gain = 435.758
Finished Handling Custom Attributes : Time (s): cpu = 00:00:18 ; elapsed = 00:00:27 . Memory (MB): peak = 751.551 ; gain = 435.758
Finished Renaming Generated Nets : Time (s): cpu = 00:00:18 ; elapsed = 00:00:27 . Memory (MB): peak = 751.551 ; gain = 435.758

Report Cell Usage: 
+------+-------+------+
|      |Cell   |Count |
+------+-------+------+
|1     |CARRY4 |     8|
|2     |LUT1   |     4|
|3     |LUT2   |    44|
|4     |LUT3   |    95|
|5     |LUT4   |    47|
|6     |LUT5   |    20|
|7     |LUT6   |    21|
|8     |MUXCY  |    64|
|9     |FDR    |    12|
|10    |FDRE   |   160|
+------+-------+------+
Finished Writing Synthesis Report : Time (s): cpu = 00:00:18 ; elapsed = 00:00:27 . Memory (MB): peak = 751.551 ; gain = 435.758
synth_design: Time (s): cpu = 00:00:19 ; elapsed = 00:00:28 . Memory (MB): peak = 751.551 ; gain = 442.957
