
*** Running vivado
    with args -log design_1_auto_us_3.vds -m64 -product Vivado -mode batch -messageDb vivado.pb -notrace -source design_1_auto_us_3.tcl


****** Vivado v2017.2 (64-bit)
  **** SW Build 1909853 on Thu Jun 15 18:39:09 MDT 2017
  **** IP Build 1909766 on Thu Jun 15 19:58:00 MDT 2017
    ** Copyright 1986-2017 Xilinx, Inc. All Rights Reserved.

source design_1_auto_us_3.tcl -notrace
Starting RTL Elaboration : Time (s): cpu = 00:00:05 ; elapsed = 00:00:06 . Memory (MB): peak = 398.359 ; gain = 87.215
INFO: [Synth 8-638] synthesizing module 'design_1_auto_us_3' [d:/Tetris_Design/Tetris_Version1/Tetris_Version1.srcs/sources_1/bd/design_1/ip/design_1_auto_us_3/synth/design_1_auto_us_3.v:58]
INFO: [Synth 8-638] synthesizing module 'axi_dwidth_converter_v2_1_13_top' [d:/Tetris_Design/Tetris_Version1/Tetris_Version1.srcs/sources_1/bd/design_1/ipshared/3bde/hdl/axi_dwidth_converter_v2_1_vlsyn_rfs.v:14450]
INFO: [Synth 8-638] synthesizing module 'axi_dwidth_converter_v2_1_13_axi_upsizer' [d:/Tetris_Design/Tetris_Version1/Tetris_Version1.srcs/sources_1/bd/design_1/ipshared/3bde/hdl/axi_dwidth_converter_v2_1_vlsyn_rfs.v:7038]
INFO: [Synth 8-638] synthesizing module 'axi_dwidth_converter_v2_1_13_r_upsizer' [d:/Tetris_Design/Tetris_Version1/Tetris_Version1.srcs/sources_1/bd/design_1/ipshared/3bde/hdl/axi_dwidth_converter_v2_1_vlsyn_rfs.v:4653]
INFO: [Synth 8-256] done synthesizing module 'axi_dwidth_converter_v2_1_13_r_upsizer' (1#1) [d:/Tetris_Design/Tetris_Version1/Tetris_Version1.srcs/sources_1/bd/design_1/ipshared/3bde/hdl/axi_dwidth_converter_v2_1_vlsyn_rfs.v:4653]
INFO: [Synth 8-638] synthesizing module 'axi_register_slice_v2_1_13_axi_register_slice' [d:/Tetris_Design/Tetris_Version1/Tetris_Version1.srcs/sources_1/bd/design_1/ipshared/55c0/hdl/axi_register_slice_v2_1_vl_rfs.v:791]
INFO: [Synth 8-638] synthesizing module 'axi_infrastructure_v1_1_0_axi2vector' [d:/Tetris_Design/Tetris_Version1/Tetris_Version1.srcs/sources_1/bd/design_1/ipshared/7e3a/hdl/axi_infrastructure_v1_1_vl_rfs.v:60]
INFO: [Synth 8-256] done synthesizing module 'axi_infrastructure_v1_1_0_axi2vector' (2#1) [d:/Tetris_Design/Tetris_Version1/Tetris_Version1.srcs/sources_1/bd/design_1/ipshared/7e3a/hdl/axi_infrastructure_v1_1_vl_rfs.v:60]
INFO: [Synth 8-638] synthesizing module 'axi_register_slice_v2_1_13_axic_register_slice' [d:/Tetris_Design/Tetris_Version1/Tetris_Version1.srcs/sources_1/bd/design_1/ipshared/55c0/hdl/axi_register_slice_v2_1_vl_rfs.v:85]
INFO: [Synth 8-256] done synthesizing module 'axi_register_slice_v2_1_13_axic_register_slice' (3#1) [d:/Tetris_Design/Tetris_Version1/Tetris_Version1.srcs/sources_1/bd/design_1/ipshared/55c0/hdl/axi_register_slice_v2_1_vl_rfs.v:85]
INFO: [Synth 8-638] synthesizing module 'axi_register_slice_v2_1_13_axic_register_slice__parameterized0' [d:/Tetris_Design/Tetris_Version1/Tetris_Version1.srcs/sources_1/bd/design_1/ipshared/55c0/hdl/axi_register_slice_v2_1_vl_rfs.v:85]
INFO: [Synth 8-256] done synthesizing module 'axi_register_slice_v2_1_13_axic_register_slice__parameterized0' (3#1) [d:/Tetris_Design/Tetris_Version1/Tetris_Version1.srcs/sources_1/bd/design_1/ipshared/55c0/hdl/axi_register_slice_v2_1_vl_rfs.v:85]
INFO: [Synth 8-638] synthesizing module 'axi_register_slice_v2_1_13_axic_register_slice__parameterized1' [d:/Tetris_Design/Tetris_Version1/Tetris_Version1.srcs/sources_1/bd/design_1/ipshared/55c0/hdl/axi_register_slice_v2_1_vl_rfs.v:85]
INFO: [Synth 8-256] done synthesizing module 'axi_register_slice_v2_1_13_axic_register_slice__parameterized1' (3#1) [d:/Tetris_Design/Tetris_Version1/Tetris_Version1.srcs/sources_1/bd/design_1/ipshared/55c0/hdl/axi_register_slice_v2_1_vl_rfs.v:85]
INFO: [Synth 8-638] synthesizing module 'axi_register_slice_v2_1_13_axic_register_slice__parameterized2' [d:/Tetris_Design/Tetris_Version1/Tetris_Version1.srcs/sources_1/bd/design_1/ipshared/55c0/hdl/axi_register_slice_v2_1_vl_rfs.v:85]
INFO: [Synth 8-256] done synthesizing module 'axi_register_slice_v2_1_13_axic_register_slice__parameterized2' (3#1) [d:/Tetris_Design/Tetris_Version1/Tetris_Version1.srcs/sources_1/bd/design_1/ipshared/55c0/hdl/axi_register_slice_v2_1_vl_rfs.v:85]
INFO: [Synth 8-638] synthesizing module 'axi_infrastructure_v1_1_0_vector2axi' [d:/Tetris_Design/Tetris_Version1/Tetris_Version1.srcs/sources_1/bd/design_1/ipshared/7e3a/hdl/axi_infrastructure_v1_1_vl_rfs.v:474]
INFO: [Synth 8-256] done synthesizing module 'axi_infrastructure_v1_1_0_vector2axi' (4#1) [d:/Tetris_Design/Tetris_Version1/Tetris_Version1.srcs/sources_1/bd/design_1/ipshared/7e3a/hdl/axi_infrastructure_v1_1_vl_rfs.v:474]
INFO: [Synth 8-256] done synthesizing module 'axi_register_slice_v2_1_13_axi_register_slice' (5#1) [d:/Tetris_Design/Tetris_Version1/Tetris_Version1.srcs/sources_1/bd/design_1/ipshared/55c0/hdl/axi_register_slice_v2_1_vl_rfs.v:791]
INFO: [Synth 8-638] synthesizing module 'axi_dwidth_converter_v2_1_13_a_upsizer' [d:/Tetris_Design/Tetris_Version1/Tetris_Version1.srcs/sources_1/bd/design_1/ipshared/3bde/hdl/axi_dwidth_converter_v2_1_vlsyn_rfs.v:3603]
INFO: [Synth 8-638] synthesizing module 'generic_baseblocks_v2_1_0_command_fifo' [d:/Tetris_Design/Tetris_Version1/Tetris_Version1.srcs/sources_1/bd/design_1/ipshared/f9c1/hdl/generic_baseblocks_v2_1_vl_rfs.v:655]
INFO: [Synth 8-256] done synthesizing module 'generic_baseblocks_v2_1_0_command_fifo' (6#1) [d:/Tetris_Design/Tetris_Version1/Tetris_Version1.srcs/sources_1/bd/design_1/ipshared/f9c1/hdl/generic_baseblocks_v2_1_vl_rfs.v:655]
INFO: [Synth 8-256] done synthesizing module 'axi_dwidth_converter_v2_1_13_a_upsizer' (7#1) [d:/Tetris_Design/Tetris_Version1/Tetris_Version1.srcs/sources_1/bd/design_1/ipshared/3bde/hdl/axi_dwidth_converter_v2_1_vlsyn_rfs.v:3603]
INFO: [Synth 8-638] synthesizing module 'axi_register_slice_v2_1_13_axi_register_slice__parameterized0' [d:/Tetris_Design/Tetris_Version1/Tetris_Version1.srcs/sources_1/bd/design_1/ipshared/55c0/hdl/axi_register_slice_v2_1_vl_rfs.v:791]
INFO: [Synth 8-638] synthesizing module 'axi_infrastructure_v1_1_0_axi2vector__parameterized0' [d:/Tetris_Design/Tetris_Version1/Tetris_Version1.srcs/sources_1/bd/design_1/ipshared/7e3a/hdl/axi_infrastructure_v1_1_vl_rfs.v:60]
INFO: [Synth 8-256] done synthesizing module 'axi_infrastructure_v1_1_0_axi2vector__parameterized0' (7#1) [d:/Tetris_Design/Tetris_Version1/Tetris_Version1.srcs/sources_1/bd/design_1/ipshared/7e3a/hdl/axi_infrastructure_v1_1_vl_rfs.v:60]
INFO: [Synth 8-638] synthesizing module 'axi_register_slice_v2_1_13_axic_register_slice__parameterized3' [d:/Tetris_Design/Tetris_Version1/Tetris_Version1.srcs/sources_1/bd/design_1/ipshared/55c0/hdl/axi_register_slice_v2_1_vl_rfs.v:85]
INFO: [Synth 8-256] done synthesizing module 'axi_register_slice_v2_1_13_axic_register_slice__parameterized3' (7#1) [d:/Tetris_Design/Tetris_Version1/Tetris_Version1.srcs/sources_1/bd/design_1/ipshared/55c0/hdl/axi_register_slice_v2_1_vl_rfs.v:85]
INFO: [Synth 8-638] synthesizing module 'axi_register_slice_v2_1_13_axic_register_slice__parameterized4' [d:/Tetris_Design/Tetris_Version1/Tetris_Version1.srcs/sources_1/bd/design_1/ipshared/55c0/hdl/axi_register_slice_v2_1_vl_rfs.v:85]
INFO: [Synth 8-256] done synthesizing module 'axi_register_slice_v2_1_13_axic_register_slice__parameterized4' (7#1) [d:/Tetris_Design/Tetris_Version1/Tetris_Version1.srcs/sources_1/bd/design_1/ipshared/55c0/hdl/axi_register_slice_v2_1_vl_rfs.v:85]
INFO: [Synth 8-638] synthesizing module 'axi_register_slice_v2_1_13_axic_register_slice__parameterized5' [d:/Tetris_Design/Tetris_Version1/Tetris_Version1.srcs/sources_1/bd/design_1/ipshared/55c0/hdl/axi_register_slice_v2_1_vl_rfs.v:85]
INFO: [Synth 8-256] done synthesizing module 'axi_register_slice_v2_1_13_axic_register_slice__parameterized5' (7#1) [d:/Tetris_Design/Tetris_Version1/Tetris_Version1.srcs/sources_1/bd/design_1/ipshared/55c0/hdl/axi_register_slice_v2_1_vl_rfs.v:85]
INFO: [Synth 8-638] synthesizing module 'axi_infrastructure_v1_1_0_vector2axi__parameterized0' [d:/Tetris_Design/Tetris_Version1/Tetris_Version1.srcs/sources_1/bd/design_1/ipshared/7e3a/hdl/axi_infrastructure_v1_1_vl_rfs.v:474]
INFO: [Synth 8-256] done synthesizing module 'axi_infrastructure_v1_1_0_vector2axi__parameterized0' (7#1) [d:/Tetris_Design/Tetris_Version1/Tetris_Version1.srcs/sources_1/bd/design_1/ipshared/7e3a/hdl/axi_infrastructure_v1_1_vl_rfs.v:474]
INFO: [Synth 8-256] done synthesizing module 'axi_register_slice_v2_1_13_axi_register_slice__parameterized0' (7#1) [d:/Tetris_Design/Tetris_Version1/Tetris_Version1.srcs/sources_1/bd/design_1/ipshared/55c0/hdl/axi_register_slice_v2_1_vl_rfs.v:791]
INFO: [Synth 8-256] done synthesizing module 'axi_dwidth_converter_v2_1_13_axi_upsizer' (8#1) [d:/Tetris_Design/Tetris_Version1/Tetris_Version1.srcs/sources_1/bd/design_1/ipshared/3bde/hdl/axi_dwidth_converter_v2_1_vlsyn_rfs.v:7038]
INFO: [Synth 8-256] done synthesizing module 'axi_dwidth_converter_v2_1_13_top' (9#1) [d:/Tetris_Design/Tetris_Version1/Tetris_Version1.srcs/sources_1/bd/design_1/ipshared/3bde/hdl/axi_dwidth_converter_v2_1_vlsyn_rfs.v:14450]
INFO: [Synth 8-256] done synthesizing module 'design_1_auto_us_3' (10#1) [d:/Tetris_Design/Tetris_Version1/Tetris_Version1.srcs/sources_1/bd/design_1/ip/design_1_auto_us_3/synth/design_1_auto_us_3.v:58]
Finished RTL Elaboration : Time (s): cpu = 00:01:16 ; elapsed = 00:01:17 . Memory (MB): peak = 519.645 ; gain = 208.500
Finished RTL Optimization Phase 1 : Time (s): cpu = 00:01:16 ; elapsed = 00:01:18 . Memory (MB): peak = 519.645 ; gain = 208.500
INFO: [Device 21-403] Loading part xc7a100tcsg324-1
Constraint Validation Runtime : Time (s): cpu = 00:00:00 ; elapsed = 00:00:00.034 . Memory (MB): peak = 750.715 ; gain = 0.000
Finished Constraint Validation : Time (s): cpu = 00:01:24 ; elapsed = 00:01:34 . Memory (MB): peak = 750.715 ; gain = 439.570
Finished Loading Part and Timing Information : Time (s): cpu = 00:01:24 ; elapsed = 00:01:34 . Memory (MB): peak = 750.715 ; gain = 439.570
Finished applying 'set_property' XDC Constraints : Time (s): cpu = 00:01:24 ; elapsed = 00:01:34 . Memory (MB): peak = 750.715 ; gain = 439.570
Finished RTL Optimization Phase 2 : Time (s): cpu = 00:01:25 ; elapsed = 00:01:35 . Memory (MB): peak = 750.715 ; gain = 439.570
Finished Cross Boundary and Area Optimization : Time (s): cpu = 00:01:26 ; elapsed = 00:01:36 . Memory (MB): peak = 750.715 ; gain = 439.570
Finished Applying XDC Timing Constraints : Time (s): cpu = 00:01:34 ; elapsed = 00:01:45 . Memory (MB): peak = 750.715 ; gain = 439.570
Finished Timing Optimization : Time (s): cpu = 00:01:35 ; elapsed = 00:01:45 . Memory (MB): peak = 750.715 ; gain = 439.570
Finished Technology Mapping : Time (s): cpu = 00:01:35 ; elapsed = 00:01:45 . Memory (MB): peak = 750.715 ; gain = 439.570
Finished IO Insertion : Time (s): cpu = 00:01:35 ; elapsed = 00:01:46 . Memory (MB): peak = 750.715 ; gain = 439.570
Finished Renaming Generated Instances : Time (s): cpu = 00:01:35 ; elapsed = 00:01:46 . Memory (MB): peak = 750.715 ; gain = 439.570
Finished Rebuilding User Hierarchy : Time (s): cpu = 00:01:35 ; elapsed = 00:01:46 . Memory (MB): peak = 750.715 ; gain = 439.570
Finished Renaming Generated Ports : Time (s): cpu = 00:01:35 ; elapsed = 00:01:46 . Memory (MB): peak = 750.715 ; gain = 439.570
Finished Handling Custom Attributes : Time (s): cpu = 00:01:35 ; elapsed = 00:01:46 . Memory (MB): peak = 750.715 ; gain = 439.570
Finished Renaming Generated Nets : Time (s): cpu = 00:01:35 ; elapsed = 00:01:46 . Memory (MB): peak = 750.715 ; gain = 439.570

Report Cell Usage: 
+------+--------+------+
|      |Cell    |Count |
+------+--------+------+
|1     |LUT1    |     3|
|2     |LUT2    |    15|
|3     |LUT3    |    88|
|4     |LUT4    |    21|
|5     |LUT5    |    31|
|6     |LUT6    |    97|
|7     |SRLC32E |    28|
|8     |FDRE    |   320|
|9     |FDSE    |     2|
+------+--------+------+
Finished Writing Synthesis Report : Time (s): cpu = 00:01:35 ; elapsed = 00:01:46 . Memory (MB): peak = 750.715 ; gain = 439.570
synth_design: Time (s): cpu = 00:01:37 ; elapsed = 00:01:47 . Memory (MB): peak = 750.715 ; gain = 447.207
