
*** Running vivado
    with args -log design_1_auto_ds_2.vds -m64 -product Vivado -mode batch -messageDb vivado.pb -notrace -source design_1_auto_ds_2.tcl


****** Vivado v2017.2 (64-bit)
  **** SW Build 1909853 on Thu Jun 15 18:39:09 MDT 2017
  **** IP Build 1909766 on Thu Jun 15 19:58:00 MDT 2017
    ** Copyright 1986-2017 Xilinx, Inc. All Rights Reserved.

source design_1_auto_ds_2.tcl -notrace
Starting RTL Elaboration : Time (s): cpu = 00:00:06 ; elapsed = 00:00:07 . Memory (MB): peak = 400.621 ; gain = 87.332
INFO: [Synth 8-638] synthesizing module 'design_1_auto_ds_2' [d:/Tetris_Design/Tetris_Version1/Tetris_Version1.srcs/sources_1/bd/design_1/ip/design_1_auto_ds_2/synth/design_1_auto_ds_2.v:58]
INFO: [Synth 8-638] synthesizing module 'axi_dwidth_converter_v2_1_13_top' [d:/Tetris_Design/Tetris_Version1/Tetris_Version1.srcs/sources_1/bd/design_1/ipshared/3bde/hdl/axi_dwidth_converter_v2_1_vlsyn_rfs.v:14450]
INFO: [Synth 8-638] synthesizing module 'axi_dwidth_converter_v2_1_13_axi_downsizer' [d:/Tetris_Design/Tetris_Version1/Tetris_Version1.srcs/sources_1/bd/design_1/ipshared/3bde/hdl/axi_dwidth_converter_v2_1_vlsyn_rfs.v:2380]
INFO: [Synth 8-638] synthesizing module 'axi_dwidth_converter_v2_1_13_b_downsizer' [d:/Tetris_Design/Tetris_Version1/Tetris_Version1.srcs/sources_1/bd/design_1/ipshared/3bde/hdl/axi_dwidth_converter_v2_1_vlsyn_rfs.v:1251]
INFO: [Synth 8-256] done synthesizing module 'axi_dwidth_converter_v2_1_13_b_downsizer' (1#1) [d:/Tetris_Design/Tetris_Version1/Tetris_Version1.srcs/sources_1/bd/design_1/ipshared/3bde/hdl/axi_dwidth_converter_v2_1_vlsyn_rfs.v:1251]
INFO: [Synth 8-638] synthesizing module 'axi_dwidth_converter_v2_1_13_a_downsizer' [d:/Tetris_Design/Tetris_Version1/Tetris_Version1.srcs/sources_1/bd/design_1/ipshared/3bde/hdl/axi_dwidth_converter_v2_1_vlsyn_rfs.v:64]
INFO: [Synth 8-638] synthesizing module 'axi_data_fifo_v2_1_12_axic_fifo' [d:/Tetris_Design/Tetris_Version1/Tetris_Version1.srcs/sources_1/bd/design_1/ipshared/95b9/hdl/axi_data_fifo_v2_1_vl_rfs.v:64]
INFO: [Synth 8-638] synthesizing module 'axi_data_fifo_v2_1_12_fifo_gen' [d:/Tetris_Design/Tetris_Version1/Tetris_Version1.srcs/sources_1/bd/design_1/ipshared/95b9/hdl/axi_data_fifo_v2_1_vl_rfs.v:168]
INFO: [Synth 8-256] done synthesizing module 'axi_data_fifo_v2_1_12_fifo_gen' (20#1) [d:/Tetris_Design/Tetris_Version1/Tetris_Version1.srcs/sources_1/bd/design_1/ipshared/95b9/hdl/axi_data_fifo_v2_1_vl_rfs.v:168]
INFO: [Synth 8-256] done synthesizing module 'axi_data_fifo_v2_1_12_axic_fifo' (21#1) [d:/Tetris_Design/Tetris_Version1/Tetris_Version1.srcs/sources_1/bd/design_1/ipshared/95b9/hdl/axi_data_fifo_v2_1_vl_rfs.v:64]
INFO: [Synth 8-638] synthesizing module 'axi_data_fifo_v2_1_12_axic_fifo__parameterized0' [d:/Tetris_Design/Tetris_Version1/Tetris_Version1.srcs/sources_1/bd/design_1/ipshared/95b9/hdl/axi_data_fifo_v2_1_vl_rfs.v:64]
INFO: [Synth 8-638] synthesizing module 'axi_data_fifo_v2_1_12_fifo_gen__parameterized0' [d:/Tetris_Design/Tetris_Version1/Tetris_Version1.srcs/sources_1/bd/design_1/ipshared/95b9/hdl/axi_data_fifo_v2_1_vl_rfs.v:168]
INFO: [Synth 8-256] done synthesizing module 'axi_data_fifo_v2_1_12_fifo_gen__parameterized0' (21#1) [d:/Tetris_Design/Tetris_Version1/Tetris_Version1.srcs/sources_1/bd/design_1/ipshared/95b9/hdl/axi_data_fifo_v2_1_vl_rfs.v:168]
INFO: [Synth 8-256] done synthesizing module 'axi_data_fifo_v2_1_12_axic_fifo__parameterized0' (21#1) [d:/Tetris_Design/Tetris_Version1/Tetris_Version1.srcs/sources_1/bd/design_1/ipshared/95b9/hdl/axi_data_fifo_v2_1_vl_rfs.v:64]
INFO: [Synth 8-256] done synthesizing module 'axi_dwidth_converter_v2_1_13_a_downsizer' (22#1) [d:/Tetris_Design/Tetris_Version1/Tetris_Version1.srcs/sources_1/bd/design_1/ipshared/3bde/hdl/axi_dwidth_converter_v2_1_vlsyn_rfs.v:64]
INFO: [Synth 8-638] synthesizing module 'axi_dwidth_converter_v2_1_13_w_downsizer' [d:/Tetris_Design/Tetris_Version1/Tetris_Version1.srcs/sources_1/bd/design_1/ipshared/3bde/hdl/axi_dwidth_converter_v2_1_vlsyn_rfs.v:2016]
INFO: [Synth 8-256] done synthesizing module 'axi_dwidth_converter_v2_1_13_w_downsizer' (23#1) [d:/Tetris_Design/Tetris_Version1/Tetris_Version1.srcs/sources_1/bd/design_1/ipshared/3bde/hdl/axi_dwidth_converter_v2_1_vlsyn_rfs.v:2016]
INFO: [Synth 8-638] synthesizing module 'axi_dwidth_converter_v2_1_13_a_downsizer__parameterized0' [d:/Tetris_Design/Tetris_Version1/Tetris_Version1.srcs/sources_1/bd/design_1/ipshared/3bde/hdl/axi_dwidth_converter_v2_1_vlsyn_rfs.v:64]
INFO: [Synth 8-256] done synthesizing module 'axi_dwidth_converter_v2_1_13_a_downsizer__parameterized0' (23#1) [d:/Tetris_Design/Tetris_Version1/Tetris_Version1.srcs/sources_1/bd/design_1/ipshared/3bde/hdl/axi_dwidth_converter_v2_1_vlsyn_rfs.v:64]
INFO: [Synth 8-638] synthesizing module 'axi_dwidth_converter_v2_1_13_r_downsizer' [d:/Tetris_Design/Tetris_Version1/Tetris_Version1.srcs/sources_1/bd/design_1/ipshared/3bde/hdl/axi_dwidth_converter_v2_1_vlsyn_rfs.v:1533]
INFO: [Synth 8-256] done synthesizing module 'axi_dwidth_converter_v2_1_13_r_downsizer' (24#1) [d:/Tetris_Design/Tetris_Version1/Tetris_Version1.srcs/sources_1/bd/design_1/ipshared/3bde/hdl/axi_dwidth_converter_v2_1_vlsyn_rfs.v:1533]
INFO: [Synth 8-256] done synthesizing module 'axi_dwidth_converter_v2_1_13_axi_downsizer' (25#1) [d:/Tetris_Design/Tetris_Version1/Tetris_Version1.srcs/sources_1/bd/design_1/ipshared/3bde/hdl/axi_dwidth_converter_v2_1_vlsyn_rfs.v:2380]
INFO: [Synth 8-256] done synthesizing module 'axi_dwidth_converter_v2_1_13_top' (26#1) [d:/Tetris_Design/Tetris_Version1/Tetris_Version1.srcs/sources_1/bd/design_1/ipshared/3bde/hdl/axi_dwidth_converter_v2_1_vlsyn_rfs.v:14450]
INFO: [Synth 8-256] done synthesizing module 'design_1_auto_ds_2' (27#1) [d:/Tetris_Design/Tetris_Version1/Tetris_Version1.srcs/sources_1/bd/design_1/ip/design_1_auto_ds_2/synth/design_1_auto_ds_2.v:58]
Finished RTL Elaboration : Time (s): cpu = 00:01:13 ; elapsed = 00:01:15 . Memory (MB): peak = 527.770 ; gain = 214.480
Finished RTL Optimization Phase 1 : Time (s): cpu = 00:01:13 ; elapsed = 00:01:15 . Memory (MB): peak = 527.770 ; gain = 214.480
INFO: [Device 21-403] Loading part xc7a100tcsg324-1
Constraint Validation Runtime : Time (s): cpu = 00:00:00 ; elapsed = 00:00:00.033 . Memory (MB): peak = 759.000 ; gain = 0.000
Finished Constraint Validation : Time (s): cpu = 00:01:22 ; elapsed = 00:01:33 . Memory (MB): peak = 759.000 ; gain = 445.711
Finished Loading Part and Timing Information : Time (s): cpu = 00:01:22 ; elapsed = 00:01:33 . Memory (MB): peak = 759.000 ; gain = 445.711
Finished applying 'set_property' XDC Constraints : Time (s): cpu = 00:01:22 ; elapsed = 00:01:33 . Memory (MB): peak = 759.000 ; gain = 445.711
Finished RTL Optimization Phase 2 : Time (s): cpu = 00:01:24 ; elapsed = 00:01:34 . Memory (MB): peak = 759.000 ; gain = 445.711
Finished Cross Boundary and Area Optimization : Time (s): cpu = 00:01:27 ; elapsed = 00:01:37 . Memory (MB): peak = 759.000 ; gain = 445.711
---------------------------------------------------------------------------------
Start ROM, RAM, DSP and Shift Register Reporting
---------------------------------------------------------------------------------

Distributed RAM: Preliminary Mapping  Report (see note below)
+------------------------------------------------------------------------------------------------------------------------------------+-------------------------------------------------------------------------------+----------------+----------------------+--------------+
|Module Name                                                                                                                         | RTL Object                                                                    | Inference      | Size (Depth x Width) | Primitives   | 
+------------------------------------------------------------------------------------------------------------------------------------+-------------------------------------------------------------------------------+----------------+----------------------+--------------+
|inst/\gen_downsizer.gen_simple_downsizer.axi_downsizer_inst/USE_WRITE.write_addr_inst/USE_B_CHANNEL.cmd_b_queue/inst/fifo_gen_inst  | inst_fifo_gen/gconvfifo.rf/grf.rf/gntv_or_sync_fifo.mem/gdm.dm_gen.dm/RAM_reg | User Attribute | 32 x 9               | RAM32M x 2   | 
|inst/\gen_downsizer.gen_simple_downsizer.axi_downsizer_inst/USE_WRITE.write_addr_inst/cmd_queue/inst/fifo_gen_inst                  | inst_fifo_gen/gconvfifo.rf/grf.rf/gntv_or_sync_fifo.mem/gdm.dm_gen.dm/RAM_reg | User Attribute | 32 x 26              | RAM32M x 5   | 
|inst/\gen_downsizer.gen_simple_downsizer.axi_downsizer_inst/USE_READ.read_addr_inst/cmd_queue/inst/fifo_gen_inst                    | inst_fifo_gen/gconvfifo.rf/grf.rf/gntv_or_sync_fifo.mem/gdm.dm_gen.dm/RAM_reg | User Attribute | 32 x 26              | RAM32M x 5   | 
+------------------------------------------------------------------------------------------------------------------------------------+-------------------------------------------------------------------------------+----------------+----------------------+--------------+

Note: The table above is a preliminary report that shows the Distributed RAMs at the current stage of the synthesis flow. Some Distributed RAMs may be reimplemented as non Distributed RAM primitives later in the synthesis flow. Multiple instantiated RAMs are reported only once.
---------------------------------------------------------------------------------
Finished ROM, RAM, DSP and Shift Register Reporting
---------------------------------------------------------------------------------
Finished Applying XDC Timing Constraints : Time (s): cpu = 00:01:36 ; elapsed = 00:01:47 . Memory (MB): peak = 759.000 ; gain = 445.711
Finished Timing Optimization : Time (s): cpu = 00:01:38 ; elapsed = 00:01:49 . Memory (MB): peak = 804.918 ; gain = 491.629
Finished Technology Mapping : Time (s): cpu = 00:01:39 ; elapsed = 00:01:49 . Memory (MB): peak = 804.918 ; gain = 491.629
Finished IO Insertion : Time (s): cpu = 00:01:40 ; elapsed = 00:01:50 . Memory (MB): peak = 804.918 ; gain = 491.629
Finished Renaming Generated Instances : Time (s): cpu = 00:01:40 ; elapsed = 00:01:50 . Memory (MB): peak = 804.918 ; gain = 491.629
Finished Rebuilding User Hierarchy : Time (s): cpu = 00:01:40 ; elapsed = 00:01:50 . Memory (MB): peak = 804.918 ; gain = 491.629
Finished Renaming Generated Ports : Time (s): cpu = 00:01:40 ; elapsed = 00:01:50 . Memory (MB): peak = 804.918 ; gain = 491.629
Finished Handling Custom Attributes : Time (s): cpu = 00:01:40 ; elapsed = 00:01:50 . Memory (MB): peak = 804.918 ; gain = 491.629
Finished Renaming Generated Nets : Time (s): cpu = 00:01:40 ; elapsed = 00:01:50 . Memory (MB): peak = 804.918 ; gain = 491.629

Report Cell Usage: 
+------+-------+------+
|      |Cell   |Count |
+------+-------+------+
|1     |CARRY4 |    18|
|2     |LUT1   |    20|
|3     |LUT2   |    92|
|4     |LUT3   |   112|
|5     |LUT4   |   147|
|6     |LUT5   |   116|
|7     |LUT6   |   285|
|8     |RAM32M |    12|
|9     |FDCE   |    69|
|10    |FDPE   |    63|
|11    |FDRE   |   627|
|12    |FDSE   |     3|
+------+-------+------+
Finished Writing Synthesis Report : Time (s): cpu = 00:01:40 ; elapsed = 00:01:50 . Memory (MB): peak = 804.918 ; gain = 491.629
synth_design: Time (s): cpu = 00:01:42 ; elapsed = 00:01:53 . Memory (MB): peak = 804.918 ; gain = 499.387
