
*** Running vivado
    with args -log design_1_auto_cc_0.vds -m64 -product Vivado -mode batch -messageDb vivado.pb -notrace -source design_1_auto_cc_0.tcl


****** Vivado v2017.2 (64-bit)
  **** SW Build 1909853 on Thu Jun 15 18:39:09 MDT 2017
  **** IP Build 1909766 on Thu Jun 15 19:58:00 MDT 2017
    ** Copyright 1986-2017 Xilinx, Inc. All Rights Reserved.

source design_1_auto_cc_0.tcl -notrace
Starting RTL Elaboration : Time (s): cpu = 00:00:05 ; elapsed = 00:00:06 . Memory (MB): peak = 393.543 ; gain = 83.953
INFO: [Synth 8-638] synthesizing module 'design_1_auto_cc_0' [d:/Tetris_Design/Tetris_Version1/Tetris_Version1.srcs/sources_1/bd/design_1/ip/design_1_auto_cc_0/synth/design_1_auto_cc_0.v:58]
INFO: [Synth 8-638] synthesizing module 'axi_clock_converter_v2_1_12_axi_clock_converter' [d:/Tetris_Design/Tetris_Version1/Tetris_Version1.srcs/sources_1/bd/design_1/ipshared/80fd/hdl/axi_clock_converter_v2_1_vl_rfs.v:650]
INFO: [Synth 8-256] done synthesizing module 'axi_clock_converter_v2_1_12_axi_clock_converter' (20#1) [d:/Tetris_Design/Tetris_Version1/Tetris_Version1.srcs/sources_1/bd/design_1/ipshared/80fd/hdl/axi_clock_converter_v2_1_vl_rfs.v:650]
INFO: [Synth 8-256] done synthesizing module 'design_1_auto_cc_0' (21#1) [d:/Tetris_Design/Tetris_Version1/Tetris_Version1.srcs/sources_1/bd/design_1/ip/design_1_auto_cc_0/synth/design_1_auto_cc_0.v:58]
Finished RTL Elaboration : Time (s): cpu = 00:00:13 ; elapsed = 00:00:15 . Memory (MB): peak = 514.230 ; gain = 204.641
Finished RTL Optimization Phase 1 : Time (s): cpu = 00:00:13 ; elapsed = 00:00:15 . Memory (MB): peak = 514.230 ; gain = 204.641
INFO: [Device 21-403] Loading part xc7a100tcsg324-1
Constraint Validation Runtime : Time (s): cpu = 00:00:01 ; elapsed = 00:00:00.046 . Memory (MB): peak = 750.113 ; gain = 0.000
Finished Constraint Validation : Time (s): cpu = 00:00:23 ; elapsed = 00:00:33 . Memory (MB): peak = 750.113 ; gain = 440.523
Finished Loading Part and Timing Information : Time (s): cpu = 00:00:23 ; elapsed = 00:00:33 . Memory (MB): peak = 750.113 ; gain = 440.523
Finished applying 'set_property' XDC Constraints : Time (s): cpu = 00:00:23 ; elapsed = 00:00:33 . Memory (MB): peak = 750.113 ; gain = 440.523
Finished RTL Optimization Phase 2 : Time (s): cpu = 00:00:24 ; elapsed = 00:00:34 . Memory (MB): peak = 750.113 ; gain = 440.523
Finished Cross Boundary and Area Optimization : Time (s): cpu = 00:00:26 ; elapsed = 00:00:37 . Memory (MB): peak = 750.113 ; gain = 440.523
---------------------------------------------------------------------------------
Start ROM, RAM, DSP and Shift Register Reporting
---------------------------------------------------------------------------------

Distributed RAM: Preliminary Mapping  Report (see note below)
+---------------------------------------------------+-----------------------------------------------------------------------------------------------------------+----------------+----------------------+---------------+
|Module Name                                        | RTL Object                                                                                                | Inference      | Size (Depth x Width) | Primitives    | 
+---------------------------------------------------+-----------------------------------------------------------------------------------------------------------+----------------+----------------------+---------------+
|inst/\gen_clock_conv.gen_async_conv.asyncfifo_axi  | inst_fifo_gen/gaxi_full_lite.gwrite_ch.gwach2.axi_wach/grf.rf/gntv_or_sync_fifo.mem/gdm.dm_gen.dm/RAM_reg | User Attribute | 16 x 62              | RAM32M x 11   | 
|inst/\gen_clock_conv.gen_async_conv.asyncfifo_axi  | inst_fifo_gen/gaxi_full_lite.gwrite_ch.gwdch2.axi_wdch/grf.rf/gntv_or_sync_fifo.mem/gdm.dm_gen.dm/RAM_reg | User Attribute | 16 x 73              | RAM32M x 13   | 
|inst/\gen_clock_conv.gen_async_conv.asyncfifo_axi  | inst_fifo_gen/gaxi_full_lite.gwrite_ch.gwrch2.axi_wrch/grf.rf/gntv_or_sync_fifo.mem/gdm.dm_gen.dm/RAM_reg | User Attribute | 16 x 3               | RAM32M x 1    | 
|inst/\gen_clock_conv.gen_async_conv.asyncfifo_axi  | inst_fifo_gen/gaxi_full_lite.gread_ch.grach2.axi_rach/grf.rf/gntv_or_sync_fifo.mem/gdm.dm_gen.dm/RAM_reg  | User Attribute | 16 x 62              | RAM32M x 11   | 
|inst/\gen_clock_conv.gen_async_conv.asyncfifo_axi  | inst_fifo_gen/gaxi_full_lite.gread_ch.grdch2.axi_rdch/grf.rf/gntv_or_sync_fifo.mem/gdm.dm_gen.dm/RAM_reg  | User Attribute | 16 x 68              | RAM32M x 12   | 
+---------------------------------------------------+-----------------------------------------------------------------------------------------------------------+----------------+----------------------+---------------+

Note: The table above is a preliminary report that shows the Distributed RAMs at the current stage of the synthesis flow. Some Distributed RAMs may be reimplemented as non Distributed RAM primitives later in the synthesis flow. Multiple instantiated RAMs are reported only once.
---------------------------------------------------------------------------------
Finished ROM, RAM, DSP and Shift Register Reporting
---------------------------------------------------------------------------------
Finished Applying XDC Timing Constraints : Time (s): cpu = 00:00:35 ; elapsed = 00:00:46 . Memory (MB): peak = 750.113 ; gain = 440.523
Finished Timing Optimization : Time (s): cpu = 00:00:36 ; elapsed = 00:00:46 . Memory (MB): peak = 750.113 ; gain = 440.523
Finished Technology Mapping : Time (s): cpu = 00:00:36 ; elapsed = 00:00:47 . Memory (MB): peak = 750.113 ; gain = 440.523
Finished IO Insertion : Time (s): cpu = 00:00:37 ; elapsed = 00:00:48 . Memory (MB): peak = 750.113 ; gain = 440.523
Finished Renaming Generated Instances : Time (s): cpu = 00:00:37 ; elapsed = 00:00:48 . Memory (MB): peak = 750.113 ; gain = 440.523
Finished Rebuilding User Hierarchy : Time (s): cpu = 00:00:37 ; elapsed = 00:00:48 . Memory (MB): peak = 750.113 ; gain = 440.523
Finished Renaming Generated Ports : Time (s): cpu = 00:00:37 ; elapsed = 00:00:48 . Memory (MB): peak = 750.113 ; gain = 440.523
Finished Handling Custom Attributes : Time (s): cpu = 00:00:37 ; elapsed = 00:00:48 . Memory (MB): peak = 750.113 ; gain = 440.523
Finished Renaming Generated Nets : Time (s): cpu = 00:00:37 ; elapsed = 00:00:48 . Memory (MB): peak = 750.113 ; gain = 440.523

Report Cell Usage: 
+------+-------+------+
|      |Cell   |Count |
+------+-------+------+
|1     |LUT1   |    21|
|2     |LUT2   |    66|
|3     |LUT3   |    25|
|4     |LUT4   |    64|
|5     |LUT5   |     5|
|6     |LUT6   |    28|
|7     |RAM32M |    48|
|8     |FDCE   |   300|
|9     |FDPE   |   135|
|10    |FDRE   |   566|
+------+-------+------+
Finished Writing Synthesis Report : Time (s): cpu = 00:00:37 ; elapsed = 00:00:48 . Memory (MB): peak = 750.113 ; gain = 440.523
synth_design: Time (s): cpu = 00:00:40 ; elapsed = 00:00:50 . Memory (MB): peak = 750.113 ; gain = 446.156
