#-----------------------------------------------------------
# Webtalk v2017.2 (64-bit)
# SW Build 1909853 on Thu Jun 15 18:39:09 MDT 2017
# 
# Start of session at: Wed Jun 26 23:31:12 2019
# Process ID: 12784
# Current directory: D:/Tetris_Design/Tetris_Version1/Tetris_Version1.sdk/webtalk
# Command line: wbtcv.exe -mode batch -source sdk_webtalk.tcl
# Log file: D:/Tetris_Design/Tetris_Version1/Tetris_Version1.sdk/webtalk/webtalk.log
# Journal file: D:/Tetris_Design/Tetris_Version1/Tetris_Version1.sdk/webtalk\webtalk.jou
#-----------------------------------------------------------
source sdk_webtalk.tcl
# webtalk_init -webtalk_dir D:\\Tetris_Design\\Tetris_Version1\\Tetris_Version1.sdk\\webtalk
# webtalk_register_client -client project
# webtalk_add_data -client project -key date_generated -value "2019-06-26 23:31:10" -context "software_version_and_target_device"
# webtalk_add_data -client project -key product_version -value "SDK v2017.2" -context "software_version_and_target_device"
# webtalk_add_data -client project -key build_version -value "2017.2" -context "software_version_and_target_device"
# webtalk_add_data -client project -key os_platform -value "amd64" -context "software_version_and_target_device"
# webtalk_add_data -client project -key registration_id -value "" -context "software_version_and_target_device"
# webtalk_add_data -client project -key tool_flow -value "SDK" -context "software_version_and_target_device"
# webtalk_add_data -client project -key beta -value "false" -context "software_version_and_target_device"
# webtalk_add_data -client project -key route_design -value "NA" -context "software_version_and_target_device"
# webtalk_add_data -client project -key target_family -value "NA" -context "software_version_and_target_device"
# webtalk_add_data -client project -key target_device -value "NA" -context "software_version_and_target_device"
# webtalk_add_data -client project -key target_package -value "NA" -context "software_version_and_target_device"
# webtalk_add_data -client project -key target_speed -value "NA" -context "software_version_and_target_device"
# webtalk_add_data -client project -key random_id -value "tgps2fs9octr1tku49la6ca2ot" -context "software_version_and_target_device"
# webtalk_add_data -client project -key project_id -value "2017.2_4" -context "software_version_and_target_device"
# webtalk_add_data -client project -key project_iteration -value "4" -context "software_version_and_target_device"
# webtalk_add_data -client project -key os_name -value "Microsoft Windows 8 or later , 64-bit" -context "user_environment"
# webtalk_add_data -client project -key os_release -value "major release  (build 9200)" -context "user_environment"
# webtalk_add_data -client project -key cpu_name -value "Intel(R) Core(TM) i7-8700K CPU @ 3.70GHz" -context "user_environment"
# webtalk_add_data -client project -key cpu_speed -value "3696 MHz" -context "user_environment"
# webtalk_add_data -client project -key total_processors -value "1" -context "user_environment"
# webtalk_add_data -client project -key system_ram -value "17.000 GB" -context "user_environment"
# webtalk_register_client -client sdk
# webtalk_add_data -client sdk -key uid -value "1561524471728" -context "sdk\\\\hardware/1561524471728"
# webtalk_add_data -client sdk -key isZynq -value "false" -context "sdk\\\\hardware/1561524471728"
# webtalk_add_data -client sdk -key isZynqMP -value "false" -context "sdk\\\\hardware/1561524471728"
# webtalk_add_data -client sdk -key Processors -value "1" -context "sdk\\\\hardware/1561524471728"
# webtalk_add_data -client sdk -key VivadoVersion -value "2017.2" -context "sdk\\\\hardware/1561524471728"
# webtalk_add_data -client sdk -key Arch -value "artix7" -context "sdk\\\\hardware/1561524471728"
# webtalk_add_data -client sdk -key Device -value "7a100t" -context "sdk\\\\hardware/1561524471728"
# webtalk_add_data -client sdk -key IsHandoff -value "true" -context "sdk\\\\hardware/1561524471728"
# webtalk_add_data -client sdk -key os -value "NA" -context "sdk\\\\hardware/1561524471728"
# webtalk_add_data -client sdk -key apptemplate -value "NA" -context "sdk\\\\hardware/1561524471728"
# webtalk_add_data -client sdk -key RecordType -value "HWCreation" -context "sdk\\\\hardware/1561524471728"
# webtalk_add_data -client sdk -key uid -value "1561524529662" -context "sdk\\\\bsp/1561524529662"
# webtalk_add_data -client sdk -key hwid -value "1561524471728" -context "sdk\\\\bsp/1561524529662"
# webtalk_add_data -client sdk -key os -value "standalone" -context "sdk\\\\bsp/1561524529662"
# webtalk_add_data -client sdk -key apptemplate -value "srec_spi_bootloader" -context "sdk\\\\bsp/1561524529662"
# webtalk_add_data -client sdk -key RecordType -value "BSPCreation" -context "sdk\\\\bsp/1561524529662"
# webtalk_add_data -client sdk -key uid -value "1561524530976" -context "sdk\\\\application/1561524530976"
# webtalk_add_data -client sdk -key hwid -value "1561524471728" -context "sdk\\\\application/1561524530976"
# webtalk_add_data -client sdk -key bspid -value "1561524529662" -context "sdk\\\\application/1561524530976"
# webtalk_add_data -client sdk -key newbsp -value "true" -context "sdk\\\\application/1561524530976"
# webtalk_add_data -client sdk -key os -value "standalone" -context "sdk\\\\application/1561524530976"
# webtalk_add_data -client sdk -key apptemplate -value "srec_spi_bootloader" -context "sdk\\\\application/1561524530976"
# webtalk_add_data -client sdk -key RecordType -value "APPCreation" -context "sdk\\\\application/1561524530976"
# webtalk_add_data -client sdk -key LangUsed -value "C" -context "sdk\\\\application/1561524530976"
# webtalk_add_data -client sdk -key Procused -value "microblaze" -context "sdk\\\\application/1561524530976"
# webtalk_add_data -client sdk -key projSize -value "118.76953125" -context "sdk\\\\application/1561524530976"
# webtalk_add_data -client sdk -key uid -value "1561524959186" -context "sdk\\\\bsp/1561524959186"
# webtalk_add_data -client sdk -key hwid -value "1561524471728" -context "sdk\\\\bsp/1561524959186"
# webtalk_add_data -client sdk -key os -value "standalone" -context "sdk\\\\bsp/1561524959186"
# webtalk_add_data -client sdk -key apptemplate -value "empty_application" -context "sdk\\\\bsp/1561524959186"
# webtalk_add_data -client sdk -key RecordType -value "BSPCreation" -context "sdk\\\\bsp/1561524959186"
# webtalk_add_data -client sdk -key uid -value "1561524960342" -context "sdk\\\\application/1561524960342"
# webtalk_add_data -client sdk -key hwid -value "1561524471728" -context "sdk\\\\application/1561524960342"
# webtalk_add_data -client sdk -key bspid -value "1561524959186" -context "sdk\\\\application/1561524960342"
# webtalk_add_data -client sdk -key newbsp -value "true" -context "sdk\\\\application/1561524960342"
# webtalk_add_data -client sdk -key os -value "standalone" -context "sdk\\\\application/1561524960342"
# webtalk_add_data -client sdk -key apptemplate -value "empty_application" -context "sdk\\\\application/1561524960342"
# webtalk_add_data -client sdk -key RecordType -value "APPCreation" -context "sdk\\\\application/1561524960342"
# webtalk_add_data -client sdk -key LangUsed -value "CPP" -context "sdk\\\\application/1561524960342"
# webtalk_add_data -client sdk -key Procused -value "microblaze" -context "sdk\\\\application/1561524960342"
# webtalk_add_data -client sdk -key projSize -value "594.87109375" -context "sdk\\\\application/1561524960342"
# webtalk_add_data -client sdk -key uid -value "NA" -context "sdk\\\\bsp/1561606270588"
# webtalk_add_data -client sdk -key RecordType -value "ToolUsage" -context "sdk\\\\bsp/1561606270588"
# webtalk_add_data -client sdk -key BootgenCount -value "0" -context "sdk\\\\bsp/1561606270588"
# webtalk_add_data -client sdk -key DebugCount -value "0" -context "sdk\\\\bsp/1561606270588"
# webtalk_add_data -client sdk -key PerfCount -value "0" -context "sdk\\\\bsp/1561606270588"
# webtalk_add_data -client sdk -key FlashCount -value "8" -context "sdk\\\\bsp/1561606270588"
# webtalk_add_data -client sdk -key CrossTriggCount -value "0" -context "sdk\\\\bsp/1561606270588"
# webtalk_add_data -client sdk -key QemuDebugCount -value "0" -context "sdk\\\\bsp/1561606270588"
# webtalk_transmit -clientid 2212154988 -regid "" -xml D:\\Tetris_Design\\Tetris_Version1\\Tetris_Version1.sdk\\webtalk\\usage_statistics_ext_sdk.xml -html D:\\Tetris_Design\\Tetris_Version1\\Tetris_Version1.sdk\\webtalk\\usage_statistics_ext_sdk.html -wdm D:\\Tetris_Design\\Tetris_Version1\\Tetris_Version1.sdk\\webtalk\\sdk_webtalk.wdm -intro "<H3>SDK Usage Report</H3><BR>"
INFO: [Common 17-186] 'D:\Tetris_Design\Tetris_Version1\Tetris_Version1.sdk\webtalk\usage_statistics_ext_sdk.xml' has been successfully sent to Xilinx on Wed Jun 26 23:31:16 2019. For additional details about this file, please refer to the WebTalk help file at D:/Xilinx/SDK/2017.2/doc/webtalk_introduction.html.
# webtalk_terminate
INFO: [Common 17-206] Exiting Webtalk at Wed Jun 26 23:31:16 2019...
