#-----------------------------------------------------------
# Webtalk v2017.2 (64-bit)
# SW Build 1909853 on Thu Jun 15 18:39:09 MDT 2017
# 
# Start of session at: Wed Jun 26 00:47:20 2019
# Process ID: 3896
# Current directory: D:/Tetris_Design/Tetris_Version1/Tetris_Version1.sdk/webtalk
# Command line: wbtcv.exe -mode batch -source sdk_webtalk.tcl
# Log file: D:/Tetris_Design/Tetris_Version1/Tetris_Version1.sdk/webtalk/webtalk.log
# Journal file: D:/Tetris_Design/Tetris_Version1/Tetris_Version1.sdk/webtalk\webtalk.jou
#-----------------------------------------------------------
source sdk_webtalk.tcl
# webtalk_init -webtalk_dir D:\\Tetris_Design\\Tetris_Version1\\Tetris_Version1.sdk\\webtalk
# webtalk_register_client -client project
# webtalk_add_data -client project -key date_generated -value "2019-06-26 00:47:19" -context "software_version_and_target_device"
# webtalk_add_data -client project -key product_version -value "SDK v2017.2" -context "software_version_and_target_device"
# webtalk_add_data -client project -key build_version -value "2017.2" -context "software_version_and_target_device"
# webtalk_add_data -client project -key os_platform -value "amd64" -context "software_version_and_target_device"
# webtalk_add_data -client project -key registration_id -value "" -context "software_version_and_target_device"
# webtalk_add_data -client project -key tool_flow -value "SDK" -context "software_version_and_target_device"
# webtalk_add_data -client project -key beta -value "false" -context "software_version_and_target_device"
# webtalk_add_data -client project -key route_design -value "NA" -context "software_version_and_target_device"
# webtalk_add_data -client project -key target_family -value "NA" -context "software_version_and_target_device"
# webtalk_add_data -client project -key target_device -value "NA" -context "software_version_and_target_device"
# webtalk_add_data -client project -key target_package -value "NA" -context "software_version_and_target_device"
# webtalk_add_data -client project -key target_speed -value "NA" -context "software_version_and_target_device"
# webtalk_add_data -client project -key random_id -value "h0e7fc5ot8j0kned88vo1vkb7e" -context "software_version_and_target_device"
# webtalk_add_data -client project -key project_id -value "2017.2_3" -context "software_version_and_target_device"
# webtalk_add_data -client project -key project_iteration -value "3" -context "software_version_and_target_device"
# webtalk_add_data -client project -key os_name -value "Microsoft Windows 8 or later , 64-bit" -context "user_environment"
# webtalk_add_data -client project -key os_release -value "major release  (build 9200)" -context "user_environment"
# webtalk_add_data -client project -key cpu_name -value "Intel(R) Core(TM) i7-8700K CPU @ 3.70GHz" -context "user_environment"
# webtalk_add_data -client project -key cpu_speed -value "3696 MHz" -context "user_environment"
# webtalk_add_data -client project -key total_processors -value "1" -context "user_environment"
# webtalk_add_data -client project -key system_ram -value "17.000 GB" -context "user_environment"
# webtalk_register_client -client sdk
# webtalk_add_data -client sdk -key uid -value "1561523798447" -context "sdk\\\\bsp/1561523798447"
# webtalk_add_data -client sdk -key hwid -value "1559708227090" -context "sdk\\\\bsp/1561523798447"
# webtalk_add_data -client sdk -key os -value "standalone" -context "sdk\\\\bsp/1561523798447"
# webtalk_add_data -client sdk -key apptemplate -value "srec_spi_bootloader" -context "sdk\\\\bsp/1561523798447"
# webtalk_add_data -client sdk -key RecordType -value "BSPCreation" -context "sdk\\\\bsp/1561523798447"
# webtalk_add_data -client sdk -key uid -value "1561523804291" -context "sdk\\\\application/1561523804291"
# webtalk_add_data -client sdk -key hwid -value "1559708227090" -context "sdk\\\\application/1561523804291"
# webtalk_add_data -client sdk -key bspid -value "1561523798447" -context "sdk\\\\application/1561523804291"
# webtalk_add_data -client sdk -key newbsp -value "true" -context "sdk\\\\application/1561523804291"
# webtalk_add_data -client sdk -key os -value "standalone" -context "sdk\\\\application/1561523804291"
# webtalk_add_data -client sdk -key apptemplate -value "srec_spi_bootloader" -context "sdk\\\\application/1561523804291"
# webtalk_add_data -client sdk -key RecordType -value "APPCreation" -context "sdk\\\\application/1561523804291"
# webtalk_add_data -client sdk -key LangUsed -value "C" -context "sdk\\\\application/1561523804291"
# webtalk_add_data -client sdk -key Procused -value "microblaze" -context "sdk\\\\application/1561523804291"
# webtalk_add_data -client sdk -key uid -value "NA" -context "sdk\\\\bsp/1561524439016"
# webtalk_add_data -client sdk -key RecordType -value "ToolUsage" -context "sdk\\\\bsp/1561524439016"
# webtalk_add_data -client sdk -key BootgenCount -value "0" -context "sdk\\\\bsp/1561524439016"
# webtalk_add_data -client sdk -key DebugCount -value "0" -context "sdk\\\\bsp/1561524439016"
# webtalk_add_data -client sdk -key PerfCount -value "0" -context "sdk\\\\bsp/1561524439016"
# webtalk_add_data -client sdk -key FlashCount -value "0" -context "sdk\\\\bsp/1561524439016"
# webtalk_add_data -client sdk -key CrossTriggCount -value "0" -context "sdk\\\\bsp/1561524439016"
# webtalk_add_data -client sdk -key QemuDebugCount -value "0" -context "sdk\\\\bsp/1561524439016"
# webtalk_transmit -clientid 1018425421 -regid "" -xml D:\\Tetris_Design\\Tetris_Version1\\Tetris_Version1.sdk\\webtalk\\usage_statistics_ext_sdk.xml -html D:\\Tetris_Design\\Tetris_Version1\\Tetris_Version1.sdk\\webtalk\\usage_statistics_ext_sdk.html -wdm D:\\Tetris_Design\\Tetris_Version1\\Tetris_Version1.sdk\\webtalk\\sdk_webtalk.wdm -intro "<H3>SDK Usage Report</H3><BR>"
# webtalk_terminate
INFO: [Common 17-206] Exiting Webtalk at Wed Jun 26 00:47:20 2019...
