
*** Running vivado
    with args -log design_1_ilmb_bram_if_cntlr_0.vds -m64 -product Vivado -mode batch -messageDb vivado.pb -notrace -source design_1_ilmb_bram_if_cntlr_0.tcl


****** Vivado v2017.2 (64-bit)
  **** SW Build 1909853 on Thu Jun 15 18:39:09 MDT 2017
  **** IP Build 1909766 on Thu Jun 15 19:58:00 MDT 2017
    ** Copyright 1986-2017 Xilinx, Inc. All Rights Reserved.

source design_1_ilmb_bram_if_cntlr_0.tcl -notrace
Starting RTL Elaboration : Time (s): cpu = 00:00:04 ; elapsed = 00:00:03 . Memory (MB): peak = 387.613 ; gain = 82.246
INFO: [Synth 8-638] synthesizing module 'design_1_ilmb_bram_if_cntlr_0' [d:/Tetris_Design/Tetris_Version1/Tetris_Version1.srcs/sources_1/bd/design_1/ip/design_1_ilmb_bram_if_cntlr_0/synth/design_1_ilmb_bram_if_cntlr_0.vhd:84]
INFO: [Synth 8-638] synthesizing module 'lmb_bram_if_cntlr' [d:/Tetris_Design/Tetris_Version1/Tetris_Version1.srcs/sources_1/bd/design_1/ipshared/51e1/hdl/lmb_bram_if_cntlr_v4_0_vh_rfs.vhd:3106]
INFO: [Synth 8-638] synthesizing module 'lmb_mux' [d:/Tetris_Design/Tetris_Version1/Tetris_Version1.srcs/sources_1/bd/design_1/ipshared/51e1/hdl/lmb_bram_if_cntlr_v4_0_vh_rfs.vhd:2601]
INFO: [Synth 8-638] synthesizing module 'pselect_mask' [d:/Tetris_Design/Tetris_Version1/Tetris_Version1.srcs/sources_1/bd/design_1/ipshared/51e1/hdl/lmb_bram_if_cntlr_v4_0_vh_rfs.vhd:2121]
INFO: [Synth 8-256] done synthesizing module 'pselect_mask' (1#1) [d:/Tetris_Design/Tetris_Version1/Tetris_Version1.srcs/sources_1/bd/design_1/ipshared/51e1/hdl/lmb_bram_if_cntlr_v4_0_vh_rfs.vhd:2121]
INFO: [Synth 8-256] done synthesizing module 'lmb_mux' (2#1) [d:/Tetris_Design/Tetris_Version1/Tetris_Version1.srcs/sources_1/bd/design_1/ipshared/51e1/hdl/lmb_bram_if_cntlr_v4_0_vh_rfs.vhd:2601]
INFO: [Synth 8-256] done synthesizing module 'lmb_bram_if_cntlr' (3#1) [d:/Tetris_Design/Tetris_Version1/Tetris_Version1.srcs/sources_1/bd/design_1/ipshared/51e1/hdl/lmb_bram_if_cntlr_v4_0_vh_rfs.vhd:3106]
INFO: [Synth 8-256] done synthesizing module 'design_1_ilmb_bram_if_cntlr_0' (4#1) [d:/Tetris_Design/Tetris_Version1/Tetris_Version1.srcs/sources_1/bd/design_1/ip/design_1_ilmb_bram_if_cntlr_0/synth/design_1_ilmb_bram_if_cntlr_0.vhd:84]
Finished RTL Elaboration : Time (s): cpu = 00:00:05 ; elapsed = 00:00:05 . Memory (MB): peak = 428.941 ; gain = 123.574
Finished RTL Optimization Phase 1 : Time (s): cpu = 00:00:05 ; elapsed = 00:00:05 . Memory (MB): peak = 428.941 ; gain = 123.574
INFO: [Device 21-403] Loading part xc7a100tcsg324-1
Constraint Validation Runtime : Time (s): cpu = 00:00:00 ; elapsed = 00:00:00.016 . Memory (MB): peak = 686.070 ; gain = 0.000
Finished Constraint Validation : Time (s): cpu = 00:00:14 ; elapsed = 00:00:23 . Memory (MB): peak = 686.070 ; gain = 380.703
Finished Loading Part and Timing Information : Time (s): cpu = 00:00:14 ; elapsed = 00:00:23 . Memory (MB): peak = 686.070 ; gain = 380.703
Finished applying 'set_property' XDC Constraints : Time (s): cpu = 00:00:14 ; elapsed = 00:00:23 . Memory (MB): peak = 686.070 ; gain = 380.703
Finished RTL Optimization Phase 2 : Time (s): cpu = 00:00:14 ; elapsed = 00:00:23 . Memory (MB): peak = 686.070 ; gain = 380.703
Finished Cross Boundary and Area Optimization : Time (s): cpu = 00:00:14 ; elapsed = 00:00:23 . Memory (MB): peak = 686.070 ; gain = 380.703
Finished Applying XDC Timing Constraints : Time (s): cpu = 00:00:24 ; elapsed = 00:00:33 . Memory (MB): peak = 691.148 ; gain = 385.781
Finished Timing Optimization : Time (s): cpu = 00:00:24 ; elapsed = 00:00:33 . Memory (MB): peak = 691.148 ; gain = 385.781
Finished Technology Mapping : Time (s): cpu = 00:00:24 ; elapsed = 00:00:33 . Memory (MB): peak = 713.438 ; gain = 408.070
Finished IO Insertion : Time (s): cpu = 00:00:24 ; elapsed = 00:00:34 . Memory (MB): peak = 713.438 ; gain = 408.070
Finished Renaming Generated Instances : Time (s): cpu = 00:00:24 ; elapsed = 00:00:34 . Memory (MB): peak = 713.438 ; gain = 408.070
Finished Rebuilding User Hierarchy : Time (s): cpu = 00:00:24 ; elapsed = 00:00:34 . Memory (MB): peak = 713.438 ; gain = 408.070
Finished Renaming Generated Ports : Time (s): cpu = 00:00:24 ; elapsed = 00:00:34 . Memory (MB): peak = 713.438 ; gain = 408.070
Finished Handling Custom Attributes : Time (s): cpu = 00:00:24 ; elapsed = 00:00:34 . Memory (MB): peak = 713.438 ; gain = 408.070
Finished Renaming Generated Nets : Time (s): cpu = 00:00:24 ; elapsed = 00:00:34 . Memory (MB): peak = 713.438 ; gain = 408.070

Report Cell Usage: 
+------+-----+------+
|      |Cell |Count |
+------+-----+------+
|1     |LUT2 |     3|
|2     |LUT3 |     4|
|3     |FDRE |     2|
+------+-----+------+
Finished Writing Synthesis Report : Time (s): cpu = 00:00:24 ; elapsed = 00:00:34 . Memory (MB): peak = 713.438 ; gain = 408.070
synth_design: Time (s): cpu = 00:00:25 ; elapsed = 00:00:35 . Memory (MB): peak = 717.918 ; gain = 413.172
